<?xml version="1.0" encoding="UTF-8"?>
<!-- Generated by org.testng.reporters.JUnitReportReporter -->
<testsuite hostname="YuvanSaarah" failures="0" tests="5" name="com.salesforce.tests.SalesforceLoginTest" time="50.988" errors="0" timestamp="15 Dec 2024 15:34:15 GMT">
  <testcase classname="com.salesforce.tests.SalesforceLoginTest" name="Testcase05_ValidateLoginErrorMessage" time="7.283"/>
  <testcase classname="com.salesforce.tests.SalesforceLoginTest" name="Testcase01_LoginErrorMessage" time="8.925"/>
  <testcase classname="com.salesforce.tests.SalesforceLoginTest" name="Testcase02_LoginToSalesforce" time="13.201"/>
  <testcase classname="com.salesforce.tests.SalesforceLoginTest" name="Testcase03_CheckRememberMe" time="13.287"/>
  <testcase classname="com.salesforce.tests.SalesforceLoginTest" name="Testcase04_ForgotPassword" time="8.292"/>
</testsuite> <!-- com.salesforce.tests.SalesforceLoginTest -->
